Inserted 92030.32 at 2025-12-08 18:57:07
Inserted 92000.29 at 2025-12-08 19:00:02
Inserted 91986.81 at 2025-12-08 20:00:04
Stored: price=91782.71 low=91782.71 high=91782.71 avg=3.53023e+13 at 2025-12-08 21:00:01
Stored: price=91417.08 low=91417.08 high=91417.08 avg=91417.08 at 2025-12-08 22:00:03
Stored: price=90932.28 low=90932.28 high=90932.28 avg=90932.28 at 2025-12-08 23:00:03
Warning: empty y range [0:0], adjusting to [-1:1]
All plots generated.
Warning: empty y range [0:0], adjusting to [-1:1]
All plots generated.
Warning: empty y range [0:0], adjusting to [-1:1]
All plots generated.
Warning: empty y range [0:0], adjusting to [-1:1]
All plots generated.
Warning: empty y range [0:0], adjusting to [-1:1]
All plots generated.
Warning: empty y range [0:0], adjusting to [-1:1]
All plots generated.
Warning: empty y range [0:0], adjusting to [-1:1]
All plots generated.
Warning: empty y range [0:0], adjusting to [-1:1]
All plots generated.
Warning: empty y range [0:0], adjusting to [-1:1]
All plots generated.
Warning: empty y range [0:0], adjusting to [-1:1]
All plots generated.
All 10 plots generated.
Stored: price=90172.63 low=90172.63 high=90172.63 avg=90172.63 at 2025-12-09 00:00:02
Stored: price=90005.81 low=90005.81 high=90005.81 avg=90005.81 at 2025-12-09 10:00:03
Stored: price=90135.60 low=90135.60 high=90135.60 avg=90135.60 at 2025-12-09 11:00:03
Stored: price=90439.78 low=90439.78 high=90439.78 avg=90439.78 at 2025-12-09 12:00:05
Stored: price=90138.50 low=90138.50 high=90138.50 avg=90138.50 at 2025-12-09 15:16:52
Stored: price=90463.49 low=90463.49 high=90463.49 avg=90463.49 at 2025-12-09 16:00:02
Stored: price=90485.90 low=90485.90 high=90485.90 avg=90485.90 at 2025-12-09 17:00:02
Stored: price=90188.51 low=90188.51 high=90188.51 avg=90188.51 at 2025-12-09 18:00:02
Stored: price=90636.12 low=90636.12 high=90636.12 avg=90636.12 at 2025-12-09 21:00:03
Stored: price=90410.40 low=90410.40 high=90410.40 avg=90410.40 at 2025-12-09 22:00:03
Stored: price=90212.66 low=90212.66 high=90212.66 avg=90212.66 at 2025-12-09 23:00:03
Warning: empty y range [0:0], adjusting to [-1:1]
All plots generated.
Warning: empty y range [0:0], adjusting to [-1:1]
All plots generated.
Warning: empty y range [0:0], adjusting to [-1:1]
All plots generated.
Warning: empty y range [0:0], adjusting to [-1:1]
All plots generated.
Warning: empty y range [0:0], adjusting to [-1:1]
All plots generated.
Warning: empty y range [0:0], adjusting to [-1:1]
All plots generated.
Warning: empty y range [0:0], adjusting to [-1:1]
All plots generated.
Warning: empty y range [0:0], adjusting to [-1:1]
All plots generated.
Warning: empty y range [0:0], adjusting to [-1:1]
All plots generated.
Warning: empty y range [0:0], adjusting to [-1:1]
All plots generated.
All 10 plots generated.
Stored: price=92661.06 low=92661.06 high=92661.06 avg=92661.06 at 2025-12-10 00:00:03
Stored: price=94213.80 low=94213.80 high=94213.80 avg=94213.80 at 2025-12-10 01:00:03
Stored: price=93860.48 low=93860.48 high=93860.48 avg=93860.48 at 2025-12-10 02:00:02
Stored: price=93874.20 low=93874.20 high=93874.20 avg=93874.20 at 2025-12-10 03:00:03
Stored: price=93806.01 low=93806.01 high=93806.01 avg=93806.01 at 2025-12-10 04:00:02
Stored: price=92916.16 low=92916.16 high=92916.16 avg=92916.16 at 2025-12-10 05:00:02
Stored: price=92534.28 low=92534.28 high=92534.28 avg=92534.28 at 2025-12-10 06:00:02
Stored: price=92808.48 low=92808.48 high=92808.48 avg=92808.48 at 2025-12-10 07:00:02
Stored: price=92578.91 low=92578.91 high=92578.91 avg=92578.91 at 2025-12-10 08:00:03
Stored: price=92054.73 low=92054.73 high=92054.73 avg=92054.73 at 2025-12-10 09:00:02
Stored: price=92210.53 low=92210.53 high=92210.53 avg=92210.53 at 2025-12-10 10:00:03
Stored: price=92257.87 low=92257.87 high=92257.87 avg=92257.87 at 2025-12-10 12:00:04
Stored: price=92547.47 low=92547.47 high=92547.47 avg=92547.47 at 2025-12-10 14:00:03
Stored: price=92513.09 low=92513.09 high=92513.09 avg=92513.09 at 2025-12-10 15:00:04
Stored: price=92546.98 low=92546.98 high=92546.98 avg=92546.98 at 2025-12-10 16:00:03
Stored: price=92611.62 low=92611.62 high=92611.62 avg=92611.62 at 2025-12-10 17:00:02
Stored: price=92802.12 low=92802.12 high=92802.12 avg=92802.12 at 2025-12-10 18:00:01
Stored: price=92171.37 low=92171.37 high=92171.37 avg=92171.37 at 2025-12-10 19:00:02
Stored: price=92061.77 low=92061.77 high=92061.77 avg=92061.77 at 2025-12-10 20:00:02
Stored: price=92010.60 low=92010.60 high=92010.60 avg=92010.60 at 2025-12-10 21:00:02
Stored: price=92089.00 low=92089.00 high=92089.00 avg=92089.00 at 2025-12-10 22:00:02
Stored: price=91701.73 low=91701.73 high=91701.73 avg=91701.73 at 2025-12-10 23:00:04
Warning: empty y range [0:0], adjusting to [-1:1]
All plots generated.
Warning: empty y range [0:0], adjusting to [-1:1]
All plots generated.
Warning: empty y range [0:0], adjusting to [-1:1]
All plots generated.
Warning: empty y range [0:0], adjusting to [-1:1]
All plots generated.
Warning: empty y range [0:0], adjusting to [-1:1]
All plots generated.
Warning: empty y range [0:0], adjusting to [-1:1]
All plots generated.
Warning: empty y range [0:0], adjusting to [-1:1]
All plots generated.
Warning: empty y range [0:0], adjusting to [-1:1]
All plots generated.
Warning: empty y range [0:0], adjusting to [-1:1]
All plots generated.
Warning: empty y range [0:0], adjusting to [-1:1]
All plots generated.
All 10 plots generated.
Stored: price=91905.32 low=91905.32 high=91905.32 avg=91905.32 at 2025-12-11 00:00:04
Stored: price=92164.75 low=92164.75 high=92164.75 avg=92164.75 at 2025-12-11 01:00:02
Stored: price=92380.35 low=92380.35 high=92380.35 avg=92380.35 at 2025-12-11 02:00:02
Stored: price=92361.78 low=92361.78 high=92361.78 avg=92361.78 at 2025-12-11 03:00:02
Stored: price=92920.74 low=92920.74 high=92920.74 avg=92920.74 at 2025-12-11 04:00:01
Stored: price=92469.36 low=92469.36 high=92469.36 avg=92469.36 at 2025-12-11 05:00:02
Stored: price=92281.05 low=92281.05 high=92281.05 avg=92281.05 at 2025-12-11 06:00:02
Stored: price=92469.83 low=92469.83 high=92469.83 avg=92469.83 at 2025-12-11 07:00:02
Stored: price=91980.60 low=91980.60 high=91980.60 avg=91980.60 at 2025-12-11 08:00:03
Stored: price=91420.21 low=91420.21 high=91420.21 avg=91420.21 at 2025-12-11 09:00:02
Stored: price=90395.96 low=90395.96 high=90395.96 avg=90395.96 at 2025-12-11 12:00:03
Stored: price=90137.91 low=90137.91 high=90137.91 avg=90137.91 at 2025-12-11 18:00:03
Stored: price=90348.29 low=90348.29 high=90348.29 avg=90348.29 at 2025-12-11 19:00:03
Stored: price=90137.53 low=90137.53 high=90137.53 avg=90137.53 at 2025-12-11 21:00:05
Stored: price=90112.20 low=90112.20 high=90112.20 avg=90112.20 at 2025-12-11 22:00:03
Stored: price=89414.99 low=89414.99 high=89414.99 avg=89414.99 at 2025-12-11 23:00:06
Warning: empty y range [0:0], adjusting to [-1:1]
All plots generated.
Warning: empty y range [0:0], adjusting to [-1:1]
All plots generated.
Warning: empty y range [0:0], adjusting to [-1:1]
All plots generated.
Warning: empty y range [0:0], adjusting to [-1:1]
All plots generated.
Warning: empty y range [0:0], adjusting to [-1:1]
All plots generated.
Warning: empty y range [0:0], adjusting to [-1:1]
All plots generated.
Warning: empty y range [0:0], adjusting to [-1:1]
All plots generated.
Warning: empty y range [0:0], adjusting to [-1:1]
All plots generated.
Warning: empty y range [0:0], adjusting to [-1:1]
All plots generated.
Warning: empty y range [0:0], adjusting to [-1:1]
All plots generated.
All 10 plots generated.
Stored: price=89971.61 low=89971.61 high=89971.61 avg=89971.61 at 2025-12-12 00:00:04
Stored: price=89696.38 low=89696.38 high=89696.38 avg=89696.38 at 2025-12-12 01:00:06
Stored: price=89968.01 low=89968.01 high=89968.01 avg=89968.01 at 2025-12-12 02:00:05
Stored: price=90684.97 low=90684.97 high=90684.97 avg=90684.97 at 2025-12-12 03:00:04
Stored: price=90888.66 low=90888.66 high=90888.66 avg=90888.66 at 2025-12-12 04:00:05
Stored: price=91798.52 low=91798.52 high=91798.52 avg=91798.52 at 2025-12-12 05:00:04
Stored: price=92852.89 low=92852.89 high=92852.89 avg=92852.89 at 2025-12-12 06:00:05
Stored: price=92417.72 low=92417.72 high=92417.72 avg=92417.72 at 2025-12-12 07:00:03
Stored: price=92561.54 low=92561.54 high=92561.54 avg=92561.54 at 2025-12-12 08:00:03
Stored: price=91860.91 low=91860.91 high=91860.91 avg=91860.91 at 2025-12-12 09:00:02
Stored: price=92119.99 low=92119.99 high=92119.99 avg=92119.99 at 2025-12-12 10:00:02
Stored: price=92607.85 low=92607.85 high=92607.85 avg=92607.85 at 2025-12-12 11:00:03
Stored: price=92306.16 low=92306.16 high=92306.16 avg=92306.16 at 2025-12-12 12:00:03
Stored: price=92335.71 low=92335.71 high=92335.71 avg=92335.71 at 2025-12-12 13:00:14
Stored: price=92466.37 low=92466.37 high=92466.37 avg=92466.37 at 2025-12-12 14:00:04
Stored: price=92478.95 low=92478.95 high=92478.95 avg=92478.95 at 2025-12-12 15:00:02
Stored: price=92359.08 low=92359.08 high=92359.08 avg=92359.08 at 2025-12-12 16:00:02
Stored: price=92195.55 low=92195.55 high=92195.55 avg=92195.55 at 2025-12-12 17:00:02
Stored: price=92382.48 low=92382.48 high=92382.48 avg=92382.48 at 2025-12-12 18:00:02
Stored: price=92471.69 low=92471.69 high=92471.69 avg=92471.69 at 2025-12-12 19:00:02
Stored: price=92357.11 low=92357.11 high=92357.11 avg=92357.11 at 2025-12-12 20:00:02
Stored: price=92268.58 low=92268.58 high=92268.58 avg=92268.58 at 2025-12-12 21:00:02
Stored: price=92261.49 low=92261.49 high=92261.49 avg=92261.49 at 2025-12-12 22:00:03
Stored: price=92439.21 low=92439.21 high=92439.21 avg=92439.21 at 2025-12-12 23:00:02
Warning: empty y range [0:0], adjusting to [-1:1]
All plots generated.
Warning: empty y range [0:0], adjusting to [-1:1]
All plots generated.
Warning: empty y range [0:0], adjusting to [-1:1]
All plots generated.
Warning: empty y range [0:0], adjusting to [-1:1]
All plots generated.
Warning: empty y range [0:0], adjusting to [-1:1]
All plots generated.
Warning: empty y range [0:0], adjusting to [-1:1]
All plots generated.
Warning: empty y range [0:0], adjusting to [-1:1]
All plots generated.
Warning: empty y range [0:0], adjusting to [-1:1]
All plots generated.
Warning: empty y range [0:0], adjusting to [-1:1]
All plots generated.
Warning: empty y range [0:0], adjusting to [-1:1]
All plots generated.
All 10 plots generated.
Stored: price=89834.44 low=89834.44 high=89834.44 avg=89834.44 at 2025-12-13 00:00:02
Stored: price=89985.48 low=89985.48 high=89985.48 avg=89985.48 at 2025-12-13 01:00:02
Stored: price=90054.35 low=90054.35 high=90054.35 avg=90054.35 at 2025-12-13 02:00:02
Stored: price=90330.90 low=90330.90 high=90330.90 avg=90330.90 at 2025-12-13 03:00:02
Stored: price=90160.75 low=90160.75 high=90160.75 avg=90160.75 at 2025-12-13 04:00:03
Stored: price=90308.36 low=90308.36 high=90308.36 avg=90308.36 at 2025-12-13 05:00:03
Stored: price=90246.03 low=90246.03 high=90246.03 avg=90246.03 at 2025-12-13 06:00:02
Stored: price=90320.83 low=90320.83 high=90320.83 avg=90320.83 at 2025-12-13 07:00:02
Stored: price=90290.16 low=90290.16 high=90290.16 avg=90290.16 at 2025-12-13 08:00:03
Stored: price=90360.52 low=90360.52 high=90360.52 avg=90360.52 at 2025-12-13 09:00:02
Stored: price=90218.57 low=90218.57 high=90218.57 avg=90218.57 at 2025-12-13 10:00:05
Stored: price=90255.10 low=90255.10 high=90255.10 avg=90255.10 at 2025-12-13 11:00:02
Stored: price=90377.97 low=90377.97 high=90377.97 avg=90377.97 at 2025-12-13 12:00:02
Stored: price=90412.51 low=90412.51 high=90412.51 avg=90412.51 at 2025-12-13 13:00:04
Stored: price=90264.24 low=90264.24 high=90264.24 avg=90264.24 at 2025-12-13 14:00:02
Stored: price=90366.03 low=90366.03 high=90366.03 avg=90366.03 at 2025-12-13 15:00:03
Stored: price=90345.17 low=90345.17 high=90345.17 avg=90345.17 at 2025-12-13 16:00:03
Stored: price=90476.08 low=90476.08 high=90476.08 avg=90476.08 at 2025-12-13 17:00:02
Stored: price=90421.30 low=90421.30 high=90421.30 avg=90421.30 at 2025-12-13 18:00:03
Stored: price=90571.60 low=90571.60 high=90571.60 avg=90571.60 at 2025-12-13 19:00:03
Stored: price=90307.71 low=90307.71 high=90307.71 avg=90307.71 at 2025-12-13 20:00:03
Stored: price=90298.79 low=90298.79 high=90298.79 avg=90298.79 at 2025-12-13 21:00:03
Stored: price=90283.55 low=90283.55 high=90283.55 avg=90283.55 at 2025-12-13 22:00:02
Stored: price=90059.44 low=90059.44 high=90059.44 avg=90059.44 at 2025-12-13 23:00:02
All plots generated.
All plots generated.
All plots generated.
All plots generated.
All plots generated.
All plots generated.
All plots generated.
All plots generated.
All plots generated.
All plots generated.
All 10 plots generated.
Stored: price=90076.15 low=90076.15 high=90076.15 avg=90076.15 at 2025-12-14 00:00:03
Stored: price=90042.84 low=90042.84 high=90042.84 avg=90042.84 at 2025-12-14 01:00:02
Stored: price=90019.69 low=90019.69 high=90019.69 avg=90019.69 at 2025-12-14 02:00:02
Stored: price=90067.07 low=90067.07 high=90067.07 avg=90067.07 at 2025-12-14 03:00:02
Stored: price=90568.99 low=90568.99 high=90568.99 avg=90568.99 at 2025-12-14 04:00:02
Stored: price=90411.38 low=90411.38 high=90411.38 avg=90411.38 at 2025-12-14 05:00:02
Stored: price=90531.15 low=90531.15 high=90531.15 avg=90531.15 at 2025-12-14 06:00:02
Stored: price=90455.58 low=90455.58 high=90455.58 avg=90455.58 at 2025-12-14 07:00:03
Stored: price=90623.77 low=90623.77 high=90623.77 avg=90623.77 at 2025-12-14 08:00:03
Stored: price=90715.90 low=90715.90 high=90715.90 avg=90715.90 at 2025-12-14 09:00:03
Stored: price=90623.69 low=90623.69 high=90623.69 avg=90623.69 at 2025-12-14 10:00:02
Stored: price=90627.14 low=90627.14 high=90627.14 avg=90627.14 at 2025-12-14 11:00:02
Stored: price=90443.80 low=90443.80 high=90443.80 avg=90443.80 at 2025-12-14 12:00:01
Stored: price=90369.03 low=90369.03 high=90369.03 avg=90369.03 at 2025-12-14 13:00:03
Stored: price=90358.32 low=90358.32 high=90358.32 avg=90358.32 at 2025-12-14 14:00:04
Stored: price=90316.19 low=90316.19 high=90316.19 avg=90316.19 at 2025-12-14 15:00:03
Stored: price=90410.29 low=90410.29 high=90410.29 avg=90410.29 at 2025-12-14 16:00:03
Stored: price=90282.20 low=90282.20 high=90282.20 avg=90282.20 at 2025-12-14 17:00:03
Stored: price=90199.88 low=90199.88 high=90199.88 avg=90199.88 at 2025-12-14 18:00:04
Stored: price=90030.12 low=90030.12 high=90030.12 avg=90030.12 at 2025-12-14 19:00:05
Stored: price=89465.46 low=89465.46 high=89465.46 avg=89465.46 at 2025-12-14 20:00:03
Stored: price=89561.29 low=89561.29 high=89561.29 avg=89561.29 at 2025-12-14 21:00:03
Stored: price=89539.36 low=89539.36 high=89539.36 avg=89539.36 at 2025-12-14 22:00:02
Stored: price=89236.72 low=89236.72 high=89236.72 avg=89236.72 at 2025-12-14 23:00:03
All plots generated.
All plots generated.
All plots generated.
All plots generated.
All plots generated.
All plots generated.
All plots generated.
All plots generated.
All plots generated.
All plots generated.
All 10 plots generated.
Stored: price=89181.08 low=89181.08 high=89181.08 avg=89181.08 at 2025-12-15 00:00:03
Stored: price=88884.14 low=88884.14 high=88884.14 avg=88884.14 at 2025-12-15 01:00:03
Stored: price=89068.88 low=89068.88 high=89068.88 avg=89068.88 at 2025-12-15 02:00:02
Stored: price=89212.14 low=89212.14 high=89212.14 avg=89212.14 at 2025-12-15 03:00:02
Stored: price=88797.29 low=88797.29 high=88797.29 avg=88797.29 at 2025-12-15 04:00:02
Stored: price=88738.75 low=88738.75 high=88738.75 avg=88738.75 at 2025-12-15 05:00:02
Stored: price=88464.62 low=88464.62 high=88464.62 avg=88464.62 at 2025-12-15 06:00:02
Stored: price=88300.82 low=88300.82 high=88300.82 avg=88300.82 at 2025-12-15 07:00:02
Stored: price=88221.92 low=88221.92 high=88221.92 avg=88221.92 at 2025-12-15 08:00:03
Stored: price=88487.23 low=88487.23 high=88487.23 avg=88487.23 at 2025-12-15 09:00:03
Stored: price=89236.51 low=89236.51 high=89236.51 avg=89236.51 at 2025-12-15 11:00:03
Stored: price=89526.40 low=89526.40 high=89526.40 avg=89526.40 at 2025-12-15 12:00:03
Stored: price=89694.85 low=89694.85 high=89694.85 avg=89694.85 at 2025-12-15 13:00:04
